[35m[Appium][39m Welcome to Appium v1.22.3
[35m[Appium][39m Non-default server args:
[35m[Appium][39m   port: 64417
[35m[Appium][39m   loglevel: info
[35m[Appium][39m   tmpDir: /var/folders/zy/89480kps2vs9f13bh38ljwhh0000gn/T//Katalon/Appium/Temp1680707416740
[35m[Appium][39m   chromedriverPort: 64419
[35m[Appium][39m Deprecated server args:
[35m[Appium][39m   [31m--chromedriver-port[39m => --default-capabilities
[35m[Appium][39m Default capabilities, which will be added to each request unless overridden by desired capabilities:
[35m[Appium][39m   chromedriverPort: 64419
[35m[Appium][39m Appium REST http interface listener started on 0.0.0.0:64417
[35m[HTTP][39m [37m-->[39m [37mGET[39m [37m/wd/hub/status[39m
[35m[HTTP][39m [90m{}[39m
[35m[HTTP][39m [37m<-- GET /wd/hub/status [39m[32m200[39m [90m2 ms - 68[39m
[35m[HTTP][39m [90m[39m
[35m[HTTP][39m [37m-->[39m [37mGET[39m [37m/wd/hub/status[39m
[35m[HTTP][39m [90m{}[39m
[35m[HTTP][39m [37m<-- GET /wd/hub/status [39m[32m200[39m [90m0 ms - 68[39m
[35m[HTTP][39m [90m[39m
[35m[HTTP][39m [37m-->[39m [37mPOST[39m [37m/wd/hub/session[39m
[35m[HTTP][39m [90m{"desiredCapabilities":{"app":"/Users/rizky/Katalon Studio/Touch Me/Apk/Touchme.apk","noReset":true,"deviceName":"emulator-5554 (sdk_gphone_arm64 - Android 11)","fullReset":false,"platform":"ANDROID","newCommandTimeout":1800,"platformVersion":"11","automationName":"uiautomator2","autoGrantPermissions":true,"platformName":"Android","udid":"emulator-5554","systemPort":64427},"capabilities":{"firstMatch":[{"appium:app":"/Users/rizky/Katalon Studio/Touch Me/Apk/Touchme.apk","appium:autoGrantPermissions":true,"appium:automationName":"uiautomator2","appium:deviceName":"emulator-5554 (sdk_gphone_arm64 - Android 11)","appium:fullReset":false,"appium:newCommandTimeout":1800,"appium:noReset":true,"platform":"ANDROID","platformName":"android","appium:platformVersion":"11","appium:systemPort":64427,"appium:udid":"emulator-5554"}]}}[39m
[35m[BaseDriver][39m The following capabilities are not standard capabilities and should have an extension prefix:
[35m[BaseDriver][39m   platform
[35m[BaseDriver][39m   chromedriverPort
[35m[Appium][39m Appium v1.22.3 creating new AndroidUiautomator2Driver (v1.70.1) session
[35m[BaseDriver][39m The following capabilities were provided, but are not recognized by Appium:
[35m[BaseDriver][39m   platform
[35m[BaseDriver][39m Session created with session id: 9eb465fc-d4f5-490a-b312-bfdc06f5dada
[35m[BaseDriver][39m Using local app '/Users/rizky/Katalon Studio/Touch Me/Apk/Touchme.apk'
[35m[ADB][39m Found 1 'build-tools' folders under '/Users/rizky/.katalon/tools/android_sdk' (newest first):
[35m[ADB][39m     /Users/rizky/.katalon/tools/android_sdk/build-tools/29.0.3
[35m[ADB][39m Using 'adb' from '/Users/rizky/.katalon/tools/android_sdk/platform-tools/adb'
[35m[AndroidDriver][39m Retrieving device list
[35m[AndroidDriver][39m Using device: emulator-5554
[35m[ADB][39m Using 'adb' from '/Users/rizky/.katalon/tools/android_sdk/platform-tools/adb'
[35m[ADB][39m Getting device platform version
[35m[UiAutomator2][39m Relaxing hidden api policy
[35m[ADB][39m Package name: 'com.widya.touchme'
[35m[ADB][39m Main activity name: 'com.widya.touchme.MainActivity'
[35m[ADB][39m Using 'apksigner.jar' from '/Users/rizky/.katalon/tools/android_sdk/build-tools/29.0.3/lib/apksigner.jar'
[35m[ADB][39m '/opt/homebrew/lib/node_modules/appium/node_modules/appium-uiautomator2-server/apks/appium-uiautomator2-server-v4.27.0.apk' is signed with the default certificate
[35m[ADB][39m '/opt/homebrew/lib/node_modules/appium/node_modules/appium-uiautomator2-server/apks/appium-uiautomator2-server-debug-androidTest.apk' is signed with the default certificate
[35m[UiAutomator2][39m Server packages are not going to be (re)installed
[35m[ADB][39m Adding packages ["io.appium.settings","io.appium.uiautomator2.server","io.appium.uiautomator2.server.test"] to Doze whitelist
[35m[ADB][39m '/Users/rizky/Katalon Studio/Touch Me/Apk/Touchme.apk' is signed with a non-default certificate
[35m[ADB][39m The application at '/Users/rizky/Katalon Studio/Touch Me/Apk/Touchme.apk' will not be cached, because the device under test has confirmed the support of streamed installs
[35m[ADB][39m The installation of 'Touchme.apk' took 377ms
[35m[UiAutomator2][39m Starting UIAutomator2 server 4.27.0
[35m[UiAutomator2][39m Using UIAutomator2 server from '/opt/homebrew/lib/node_modules/appium/node_modules/appium-uiautomator2-server/apks/appium-uiautomator2-server-v4.27.0.apk' and test from '/opt/homebrew/lib/node_modules/appium/node_modules/appium-uiautomator2-server/apks/appium-uiautomator2-server-debug-androidTest.apk'
[35m[UiAutomator2][39m Waiting up to 30000ms for UiAutomator2 to be online...
[35m[WD Proxy][39m socket hang up
[35m[WD Proxy][39m socket hang up
[35m[WD Proxy][39m Determined the downstream protocol as 'W3C'
[35m[AndroidDriver][39m Screen already unlocked, doing nothing
[35m[UiAutomator2][39m Starting 'com.widya.touchme/com.widya.touchme.MainActivity and waiting for 'com.widya.touchme/com.widya.touchme.MainActivity'
[35m[Appium][39m New AndroidUiautomator2Driver session created successfully, session 9eb465fc-d4f5-490a-b312-bfdc06f5dada added to master session list
[35m[HTTP][39m [37m<-- POST /wd/hub/session [39m[32m200[39m [90m7754 ms - 1288[39m
[35m[HTTP][39m [90m[39m
[35m[HTTP][39m [37m-->[39m [37mGET[39m [37m/wd/hub/session/9eb465fc-d4f5-490a-b312-bfdc06f5dada[39m
[35m[HTTP][39m [90m{}[39m
[35m[HTTP][39m [37m<-- GET /wd/hub/session/9eb465fc-d4f5-490a-b312-bfdc06f5dada [39m[32m200[39m [90m10 ms - 1242[39m
[35m[HTTP][39m [90m[39m
[35m[HTTP][39m [37m-->[39m [37mGET[39m [37m/wd/hub/session/9eb465fc-d4f5-490a-b312-bfdc06f5dada[39m
[35m[HTTP][39m [90m{}[39m
[35m[HTTP][39m [37m<-- GET /wd/hub/session/9eb465fc-d4f5-490a-b312-bfdc06f5dada [39m[32m200[39m [90m5 ms - 1242[39m
[35m[HTTP][39m [90m[39m
[35m[HTTP][39m [37m-->[39m [37mGET[39m [37m/wd/hub/status[39m
[35m[HTTP][39m [90m{}[39m
[35m[HTTP][39m [37m<-- GET /wd/hub/status [39m[32m200[39m [90m1 ms - 68[39m
[35m[HTTP][39m [90m[39m
[35m[HTTP][39m [37m-->[39m [37mPOST[39m [37m/wd/hub/session/9eb465fc-d4f5-490a-b312-bfdc06f5dada/timeouts[39m
[35m[HTTP][39m [90m{"implicit":60000}[39m
[35m[HTTP][39m [37m<-- POST /wd/hub/session/9eb465fc-d4f5-490a-b312-bfdc06f5dada/timeouts [39m[32m200[39m [90m1 ms - 14[39m
[35m[HTTP][39m [90m[39m
[35m[HTTP][39m [37m-->[39m [37mGET[39m [37m/wd/hub/session/9eb465fc-d4f5-490a-b312-bfdc06f5dada/source[39m
[35m[HTTP][39m [90m{}[39m
[35m[W3C (9eb465fc)][39m Driver proxy active, passing request on via HTTP proxy
[35m[WD Proxy][39m Replacing sessionId 9a12b58c-2e3a-4fc1-9a5b-948234025e4b with 9eb465fc-d4f5-490a-b312-bfdc06f5dada
[35m[HTTP][39m [37m<-- GET /wd/hub/session/9eb465fc-d4f5-490a-b312-bfdc06f5dada/source [39m[32m200[39m [90m795 ms - 4390[39m
[35m[HTTP][39m [90m[39m
[35m[HTTP][39m [37m-->[39m [37mGET[39m [37m/wd/hub/session/9eb465fc-d4f5-490a-b312-bfdc06f5dada/screenshot[39m
[35m[HTTP][39m [90m{}[39m
[35m[HTTP][39m [37m<-- GET /wd/hub/session/9eb465fc-d4f5-490a-b312-bfdc06f5dada/screenshot [39m[32m200[39m [90m303 ms - 48130[39m
[35m[HTTP][39m [90m[39m
[35m[HTTP][39m [37m-->[39m [37mGET[39m [37m/wd/hub/session/9eb465fc-d4f5-490a-b312-bfdc06f5dada/source[39m
[35m[HTTP][39m [90m{}[39m
[35m[W3C (9eb465fc)][39m Driver proxy active, passing request on via HTTP proxy
[35m[WD Proxy][39m Replacing sessionId 9a12b58c-2e3a-4fc1-9a5b-948234025e4b with 9eb465fc-d4f5-490a-b312-bfdc06f5dada
[35m[HTTP][39m [37m<-- GET /wd/hub/session/9eb465fc-d4f5-490a-b312-bfdc06f5dada/source [39m[32m200[39m [90m60 ms - 9018[39m
[35m[HTTP][39m [90m[39m
[35m[HTTP][39m [37m-->[39m [37mGET[39m [37m/wd/hub/session/9eb465fc-d4f5-490a-b312-bfdc06f5dada/screenshot[39m
[35m[HTTP][39m [90m{}[39m
[35m[HTTP][39m [37m<-- GET /wd/hub/session/9eb465fc-d4f5-490a-b312-bfdc06f5dada/screenshot [39m[32m200[39m [90m600 ms - 1651584[39m
[35m[HTTP][39m [90m[39m
[35m[HTTP][39m [37m-->[39m [37mGET[39m [37m/wd/hub/session/9eb465fc-d4f5-490a-b312-bfdc06f5dada/source[39m
[35m[HTTP][39m [90m{}[39m
[35m[W3C (9eb465fc)][39m Driver proxy active, passing request on via HTTP proxy
[35m[WD Proxy][39m Replacing sessionId 9a12b58c-2e3a-4fc1-9a5b-948234025e4b with 9eb465fc-d4f5-490a-b312-bfdc06f5dada
[35m[HTTP][39m [37m<-- GET /wd/hub/session/9eb465fc-d4f5-490a-b[35m[BaseDriver][39m Shutting down because we waited 1800 seconds for a command
[35m[Appium][39m Closing session, cause was 'New Command Timeout of 1800 seconds expired. Try customizing the timeout using the 'newCommandTimeout' desired capability'
[35m[Appium][39m Removing session '9cbc9ed0-04bb-47ac-89a8-8bb2a6285fef' from our master session list
[35m[UiAutomator2][39m Did not get confirmation UiAutomator2 deleteSession worked; Error was: UnknownError: An unknown server-side error occurred while processing the command. Original error: 'DELETE /' cannot be proxied to UiAutomator2 server because the instrumentation process is not running (probably crashed). Check the server log and/or the logcat output for more details
[35m[UiAutomator2][39m Restoring hidden api policy to the device default configuration
[35m[Appium][39m Received SIGTERM - shutting down
 [37m/wd/hub/session/9eb465fc-d4f5-490a-b312-bfdc06f5dada/elements[39m
[35m[HTTP][39m [90m{"using":"accessibility id","value":"Please a valid Email"}[39m
[35m[HTTP][39m [37m<-- POST /wd/hub/session/9eb465fc-d4f5-490a-b312-bfdc06f5dada/elements [39m[32m200[39m [90m6 ms - 139[39m
[35m[HTTP][39m [90m[39m
[35m[HTTP][39m [37m-->[39m [37mGET[39m [37m/wd/hub/session/9eb465fc-d4f5-490a-b312-bfdc06f5dada/window/rect[39m
[35m[HTTP][39m [90m{}[39m
[35m[HTTP][39m [37m<-- GET /wd/hub/session/9eb465fc-d4f5-490a-b312-bfdc06f5dada/window/rect [39m[32m200[39m [90m6 ms - 50[39m
[35m[HTTP][39m [90m[39m
[35m[HTTP][39m [37m-->[39m [37mPOST[39m [37m/wd/hub/session/9eb465fc-d4f5-490a-b312-bfdc06f5dada/elements[39m
[35m[HTTP][39m [90m{"using":"accessibility id","value":"Please a valid Email"}[39m
[35m[HTTP][39m [37m<-- POST /wd/hub/session/9eb465fc-d4f5-490a-b312-bfdc06f5dada/elements [39m[32m200[39m [90m6 ms - 139[39m
[35m[HTTP][39m [90m[39m
[35m[HTTP][39m [37m-->[39m [37mGET[39m [37m/wd/hub/session/9eb465fc-d4f5-490a-b312-bfdc06f5dada/element/00000000-0000-00a9-0000-001600000004/location[39m
[35m[HTTP][39m [90m{}[39m
[35m[W3C (9eb465fc)][39m Driver proxy active, passing request on via HTTP proxy
[35m[WD Proxy][39m Replacing sessionId 9a12b58c-2e3a-4fc1-9a5b-948234025e4b with 9eb465fc-d4f5-490a-b312-bfdc06f5dada
[35m[HTTP][39m [37m<-- GET /wd/hub/session/9eb465fc-d4f5-490a-b312-bfdc06f5dada/element/00000000-0000-00a9-0000-001600000004/location [39m[32m200[39m [90m5 ms - 78[39m
[35m[HTTP][39m [90m[39m
[35m[HTTP][39m [37m-->[39m [37mGET[39m [37m/wd/hub/session/9eb465fc-d4f5-490a-b312-bfdc06f5dada/element/00000000-0000-00a9-0000-001600000004/text[39m
[35m[HTTP][39m [90m{}[39m
[35m[W3C (9eb465fc)][39m Driver proxy active, passing request on via HTTP proxy
[35m[WD Proxy][39m Replacing sessionId 9a12b58c-2e3a-4fc1-9a5b-948234025e4b with 9eb465fc-d4f5-490a-b312-bfdc06f5dada
[35m[HTTP][39m [37m<-- GET /wd/hub/session/9eb465fc-d4f5-490a-b312-bfdc06f5dada/element/00000000-0000-00a9-0000-001600000004/text [39m[32m200[39m [90m5 ms - 63[39m
[35m[HTTP][39m [90m[39m
[35m[HTTP][39m [37m-->[39m [37mPOST[39m [37m/wd/hub/session/9eb465fc-d4f5-490a-b312-bfdc06f5dada/elements[39m
[35m[HTTP][39m [90m{"using":"xpath","value":"//*[@class = 'android.view.View' and @resource-id = '' and (@text = '' or . = '')]"}[39m
[35m[HTTP][39m [37m<-- POST /wd/hub/session/9eb465fc-d4f5-490a-b312-bfdc06f5dada/elements [39m[32m200[39m [90m61 ms - 1419[39m
[35m[HTTP][39m [90m[39m
[35m[HTTP][39m [37m-->[39m [37mPOST[39m [37m/wd/hub/session/9eb465fc-d4f5-490a-b312-bfdc06f5dada/elements[39m
[35m[HTTP][39m [90m{"using":"accessibility id","value":"Please a valid Email"}[39m
[35m[HTTP][39m [37m<-- POST /wd/hub/session/9eb465fc-d4f5-490a-b312-bfdc06f5dada/elements [39m[32m200[39m [90m6 ms - 139[39m
[35m[HTTP][39m [90m[39m
[35m[HTTP][39m [37m-->[39m [37mGET[39m [37m/wd/hub/session/9eb465fc-d4f5-490a-b312-bfdc06f5dada/window/rect[39m
[35m[HTTP][39m [90m{}[39m
[35m[HTTP][39m [37m<-- GET /wd/hub/session/9eb465fc-d4f5-490a-b312-bfdc06f5dada/window/rect [39m[32m200[39m [90m26 ms - 50[39m
[35m[HTTP][39m [90m[39m
[35m[HTTP][39m [37m-->[39m [37mPOST[39m [37m/wd/hub/session/9eb465fc-d4f5-490a-b312-bfdc06f5dada/elements[39m
[35m[HTTP][39m [90m{"using":"accessibility id","value":"Please a valid Email"}[39m
[35m[HTTP][39m [37m<-- POST /wd/hub/session/9eb465fc-d4f5-490a-b312-bfdc06f5dada/elements [39m[32m200[39m [90m18 ms - 139[39m
[35m[HTTP][39m [90m[39m
[35m[HTTP][39m [37m-->[39m [37mGET[39m [37m/wd/hub/session/9eb465fc-d4f5-490a-b312-bfdc06f5dada/element/00000000-0000-00a9-0000-001600000004/location[39m
[35m[HTTP][39m [90m{}[39m
[35m[W3C (9eb465fc)][39m Driver proxy active, passing request on via HTTP proxy
[35m[WD Proxy][39m Replacing sessionId 9a12b58c-2e3a-4fc1-9a5b-948234025e4b with 9eb465fc-d4f5-490a-b312-bfdc06f5dada
[35m[HTTP][39m [37m<-- GET /wd/hub/session/9eb465fc-d4f5-490a-b312-bfdc06f5dada/element/00000000-0000-00a9-0000-001600000004/location [39m[32m200[39m [90m5 ms - 78[39m
[35m[HTTP][39m [90m[39m
[35m[HTTP][39m [37m-->[39m [37mPOST[39m [37m/wd/hub/session/9eb465fc-d4f5-490a-b312-bfdc06f5dada/element/00000000-0000-00a9-0000-001600000004/clear[39m
[35m[HTTP][39m [90m{"id":"00000000-0000-00a9-0000-001600000004"}[39m
[35m[HTTP][39m [37m<-- POST /wd/hub/session/9eb465fc-d4f5-490a-b312-bfdc06f5dada/element/00000000-0000-00a9-0000-001600000004/clear [39m[32m200[39m [90m10 ms - 14[39m
[35m[HTTP][39m [90m[39m
[35m[HTTP][39m [37m-->[39m [37mPOST[39m [37m/wd/hub/session/9eb465fc-d4f5-490a-b312-bfdc06f5dada/element/00000000-0000-00a9-0000-001600000004/value[39m
[35m[HTTP][39m [90m{"id":"00000000-0000-00a9-0000-001600000004","text":"Please a valid Email","value":["P","l","e","a","s","e"," ","a"," ","v","a","l","i","d"," ","E","m","a","i","l"]}[39m
[35m[HTTP][39m [37m<-- POST /wd/hub/session/9eb465fc-d4f5-490a-b312-bfdc06f5dada/element/00000000-0000-00a9-0000-001600000004/value [39m[32m200[39m [90m11 ms - 14[39m
[35m[HTTP][39m [90m[39m
[35m[HTTP][39m [37m-->[39m [37mGET[39m [37m/wd/hub/session/9eb465fc-d4f5-490a-b312-bfdc06f5dada/source[39m
[35m[HTTP][39m [90m{}[39m
[35m[W3C (9eb465fc)][39m Driver proxy active, passing request on via HTTP proxy
[35m[WD Proxy][39m Replacing sessionId 9a12b58c-2e3a-4fc1-9a5b-948234025e4b with 9eb465fc-d4f5-490a-b312-bfdc06f5dada
[35m[HTTP][39m [37m<-- GET /wd/hub/session/9eb465fc-d4f5-490a-b312-bfdc06f5dada/source [39m[32m200[39m [90m34 ms - 8669[39m
[35m[HTTP][39m [90m[39m
[35m[HTTP][39m [37m-->[39m [37mGET[39m [37m/wd/hub/session/9eb465fc-d4f5-490a-b312-bfdc06f5dada/screenshot[39m
[35m[HTTP][39m [90m{}[39m
[35m[HTTP][39m [37m<-- GET /wd/hub/session/9eb465fc-d4f5-490a-b312-bfdc06f5dada/screenshot [39m[32m200[39m [90m489 ms - 1278988[39m
[35m[HTTP][39m [90m[39m
[35m[HTTP][39m [37m-->[39m [37mPOST[39m [37m/wd/hub/session/9eb465fc-d4f5-490a-b312-bfdc06f5dada/elements[39m
[35m[HTTP][39m [90m{"using":"xpath","value":"//*[@class = 'android.view.View' and @resource-id = '' and (@text = '' or . = '')]"}[39m
[35m[HTTP][39m [37m<-- POST /wd/hub/session/9eb465fc-d4f5-490a-b312-bfdc06f5dada/elements [39m[32m200[39m [90m48 ms - 1419[39m
[35m[HTTP][39m [90m[39m
[35m[HTTP][39m [37m-->[39m [37mPOST[39m [37m/wd/hub/session/9eb465fc-d4f5-490a-b312-bfdc06f5dada/elements[39m
[35m[HTTP][39m [90m{"using":"accessibility id","value":"Please a valid Email, Please a valid Email"}[39m
[35m[HTTP][39m [37m<-- POST /wd/hub/session/9eb465fc-d4f5-490a-b312-bfdc06f5dada/elements [39m[32m200[39m [90m7 ms - 139[39m
[35m[HTTP][39m [90m[39m
[35m[HTTP][39m [37m-->[39m [37mGET[39m [37m/wd/hub/session/9eb465fc-d4f5-490a-b312-bfdc06f5dada/window/rect[39m
[35m[HTTP][39m [90m{}[39m
[35m[HTTP][39m [37m<-- GET /wd/hub/session/9eb465fc-d4f5-490a-b312-bfdc06f5dada/window/rect [39m[32m200[39m [90m4 ms - 50[39m
[35m[HTTP][39m [90m[39m
[35m[HTTP][39m [37m-->[39m [37mPOST[39m [37m/wd/hub/session/9eb465fc-d4f5-490a-b312-bfdc06f5dada/elements[39m
[35m[HTTP][39m [90m{"using":"accessibility id","value":"Please a valid Email, Please a valid Email"}[39m
[35m[HTTP][39m [37m<-- POST /wd/hub/session/9eb465fc-d4f5-490a-b312-bfdc06f5dada/elements [39m[32m200[39m [90m6 ms - 139[39m
[35m[HTTP][39m [90m[39m
[35m[HTTP][39m [37m-->[39m [37mGET[39m [37m/wd/hub/session/9eb465fc-d4f5-490a-b312-bfdc06f5dada/element/00000000-0000-00a9-0000-001600000004/location[39m
[35m[HTTP][39m [90m{}[39m
[35m[W3C (9eb465fc)][39m Driver proxy active, passing request on via HTTP proxy
[35m[WD Proxy][39m Replacing sessionId 9a12b58c-2e3a-4fc1-9a5b-948234025e4b with 9eb465fc-d4f5-490a-b312-bfdc06f5dada
[35m[HTTP][39m [37m<-- GET /wd/hub/session/9eb465fc-d4f5-490a-b312-bfdc06f5dada/element/00000000-0000-00a9-0000-001600000004/location [39m[32m200[39m [90m6 ms - 78[39m
[35m[HTTP][39m [90m[39m
[35m[HTTP][39m [37m-->[39m [37mGET[39m [37m/wd/hub/session/9eb465fc-d4f5-490a-b312-bfdc06f5dada/element/00000000-0000-00a9-0000-001600000004/text[39m
[35m[HTTP][39m [90m{}[39m
[35m[W3C (9eb465fc)][39m Driver proxy active, passing request on via HTTP proxy
[35m[WD Proxy][39m Replacing sessionId 9a12b58c-2e3a-4fc1-9a5b-948234025e4b with 9eb465fc-d4f5-490a-b312-bfdc06f5dada
[35m[HTTP][39m [37m<-- GET /wd/hub/session/9eb465fc-d4f5-490a-b312-bfdc06f5dada/element/00000000-0000-00a9-0000-001600000004/text [39m[32m200[39m [90m4 ms - 63[39m
[35m[HTTP][39m [90m[39m
[35m[HTTP][39m [37m-->[39m [37mGET[39m [37m/wd/hub/session/9eb465fc-d4f5-490a-b312-bfdc06f5dada/source[39m
[35m[HTTP][39m [90m{}[39m
[35m[W3C (9eb465fc)][39m Driver proxy active, passing request on via HTTP proxy
[35m[WD Proxy][39m Replacing sessionId 9a12b58c-2e3a-4fc1-9a5b-948234025e4b with 9eb465fc-d4f5-490a-b312-bfdc06f5dada
[35m[HTTP][39m [37m<-- GET /wd/hub/session/9eb465fc-d4f5-490a-b312-bfdc06f5dada/source [39m[32m200[39m [90m35 ms - 8669[39m
[35m[HTTP][39m [90m[39m
[35m[HTTP][39m [37m-->[39m [37mGET[39m [37m/wd/hub/session/9eb465fc-d4f5-490a-b312-bfdc06f5dada/screenshot[39m
[35m[HTTP][39m [90m{}[39m
[35m[HTTP][39m [37m<-- GET /wd/hub/session/9eb465fc-d4f5-490a-b312-bfdc06f5dada/screenshot [39m[32m200[39m [90m499 ms - 1278822[39m
[35m[HTTP][39m [90m[39m
[35m[HTTP][39m [37m-->[39m [37mPOST[39m [37m/wd/hub/session/9eb465fc-d4f5-490a-b312-bfdc06f5dada/elements[39m
[35m[HTTP][39m [90m{"using":"xpath","value":"//*[@class = 'android.view.View' and @resource-id = '' and (@text = '' or . = '')]"}[39m
[35m[HTTP][39m [37m<-- POST /wd/hub/session/9eb465fc-d4f5-490a-b312-bfdc06f5dada/elements [39m[32m200[39m [90m43 ms - 1419[39m
[35m[HTTP][39m [90m[39m
[35m[HTTP][39m [37m-->[39m [37mPOST[39m [37m/wd/hub/session/9eb465fc-d4f5-490a-b312-bfdc06f5dada/elements[39m
[35m[HTTP][39m [90m{"using":"accessibility id","value":"Password less than 6"}[39m
[35m[HTTP][39m [37m<-- POST /wd/hub/session/9eb465fc-d4f5-490a-b312-bfdc06f5dada/elements [39m[32m200[39m [90m7 ms - 139[39m
[35m[HTTP][39m [90m[39m
[35m[HTTP][39m [37m-->[39m [37mGET[39m [37m/wd/hub/session/9eb465fc-d4f5-490a-b312-bfdc06f5dada/window/rect[39m
[35m[HTTP][39m [90m{}[39m
[35m[HTTP][39m [37m<-- GET /wd/hub/session/9eb465fc-d4f5-490a-b312-bfdc06f5dada/window/rect [39m[32m200[39m [90m3 ms - 50[39m
[35m[HTTP][39m [90m[39m
[35m[HTTP][39m [37m-->[39m [37mPOST[39m [37m/wd/hub/session/9eb465fc-d4f5-490a-b312-bfdc06f5dada/elements[39m
[35m[HTTP][39m [90m{"using":"accessibility id","value":"Password less than 6"}[39m
[35m[HTTP][39m [37m<-- POST /wd/hub/session/9eb465fc-d4f5-490a-b312-bfdc06f5dada/elements [39m[32m200[39m [90m5 ms - 139[39m
[35m[HTTP][39m [90m[39m
[35m[HTTP][39m [37m-->[39m [37mGET[39m [37m/wd/hub/session/9eb465fc-d4f5-490a-b312-bfdc06f5dada/element/00000000-0000-00a9-0000-001700000004/location[39m
[35m[HTTP][39m [90m{}[39m
[35m[W3C (9eb465fc)][39m Driver proxy active, passing request on via HTTP proxy
[35m[WD Proxy][39m Replacing sessionId 9a12b58c-2e3a-4fc1-9a5b-948234025e4b with 9eb465fc-d4f5-490a-b312-bfdc06f5dada
[35m[HTTP][39m [37m<-- GET /wd/hub/session/9eb465fc-d4f5-490a-b312-bfdc06f5dada/element/00000000-0000-00a9-0000-001700000004/location [39m[32m200[39m [90m4 ms - 78[39m
[35m[HTTP][39m [90m[39m
[35m[HTTP][39m [37m-->[39m [37mGET[39m [37m/wd/hub/session/9eb465fc-d4f5-490a-b312-bfdc06f5dada/element/00000000-0000-00a9-0000-001700000004/text[39m
[35m[HTTP][39m [90m{}[39m
[35m[W3C (9eb465fc)][39m Driver proxy active, passing request on via HTTP proxy
[35m[WD Proxy][39m Replacing sessionId 9a12b58c-2e3a-4fc1-9a5b-948234025e4b with 9eb465fc-d4f5-490a-b312-bfdc06f5dada
[35m[HTTP][39m [37m<-- GET /wd/hub/session/9eb465fc-d4f5-490a-b312-bfdc06f5dada/element/00000000-0000-00a9-0000-001700000004/text [39m[32m200[39m [90m5 ms - 63[39m
[35m[HTTP][39m [90m[39m
[35m[HTTP][39m [37m-->[39m [37mGET[39m [37m/wd/hub/session/9eb465fc-d4f5-490a-b312-bfdc06f5dada/source[39m
[35m[HTTP][39m [90m{}[39m
[35m[W3C (9eb465fc)][39m Driver proxy active, passing request on via HTTP proxy
[35m[WD Proxy][39m Replacing sessionId 9a12b58c-2e3a-4fc1-9a5b-948234025e4b with 9eb465fc-d4f5-490a-b312-bfdc06f5dada
[35m[HTTP][39m [37m<-- GET /wd/hub/session/9eb465fc-d4f5-490a-b312-bfdc06f5dada/source [39m[32m200[39m [90m31 ms - 8669[39m
[35m[HTTP][39m [90m[39m
[35m[HTTP][39m [37m-->[39m [37mGET[39m [37m/wd/hub/session/9eb465fc-d4f5-490a-b312-bfdc06f5dada/screenshot[39m
[35m[HTTP][39m [90m{}[39m
[35m[HTTP][39m [37m<-- GET /wd/hub/session/9eb465fc-d4f5-490a-b312-bfdc06f5dada/screenshot [39m[32m200[39m [90m537 ms - 1278822[39m
[35m[HTTP][39m [90m[39m
[35m[HTTP][39m [37m-->[39m [37mPOST[39m [37m/wd/hub/session/9eb465fc-d4f5-490a-b312-bfdc06f5dada/elements[39m
[35m[HTTP][39m [90m{"using":"xpath","value":"//*[@class = 'android.widget.ImageView' and @resource-id = '' and (@text = '' or . = '')]"}[39m
[35m[HTTP][39m [37m<-- POST /wd/hub/session/9eb465fc-d4f5-490a-b312-bfdc06f5dada/elements [39m[32m200[39m [90m38 ms - 139[39m
[35m[HTTP][39m [90m[39m
[35m[HTTP][39m [37m-->[39m [37mGET[39m [37m/wd/hub/session/9eb465fc-d4f5-490a-b312-bfdc06f5dada/window/rect[39m
[35m[HTTP][39m [90m{}[39m
[35m[HTTP][39m [37m<-- GET /wd/hub/session/9eb465fc-d4f5-490a-b312-bfdc06f5dada/window/rect [39m[32m200[39m [90m4 ms - 50[39m
[35m[HTTP][39m [90m[39m
[35m[HTTP][39m [37m-->[39m [37mPOST[39m [37m/wd/hub/session/9eb465fc-d4f5-490a-b312-bfdc06f5dada/elements[39m
[35m[HTTP][39m [90m{"using":"xpath","value":"//*[@class = 'android.widget.ImageView' and @resource-id = '' and (@text = '' or . = '')]"}[39m
[35m[HTTP][39m [37m<-- POST /wd/hub/session/9eb465fc-d4f5-490a-b312-bfdc06f5dada/elements [39m[32m200[39m [90m17 ms - 139[39m
[35m[HTTP][39m [90m[39m
[35m[HTTP][39m [37m-->[39m [37mGET[39m [37m/wd/hub/session/9eb465fc-d4f5-490a-b312-bfdc06f5dada/element/00000000-0000-00a9-0000-000a00000004/location[39m
[35m[HTTP][39m [90m{}[39m
[35m[W3C (9eb465fc)][39m Driver proxy active, passing request on via HTTP proxy
[35m[WD Proxy][39m Replacing sessionId 9a12b58c-2e3a-4fc1-9a5b-948234025e4b with 9eb465fc-d4f5-490a-b312-bfdc06f5dada
[35m[HTTP][39m [37m<-- GET /wd/hub/session/9eb465fc-d4f5-490a-b312-bfdc06f5dada/element/00000000-0000-00a9-0000-000a00000004/location [39m[32m200[39m [90m5 ms - 78[39m
[35m[HTTP][39m [90m[39m
[35m[HTTP][39m [37m-->[39m [37mGET[39m [37m/wd/hub/session/9eb465fc-d4f5-490a-b312-bfdc06f5dada/element/00000000-0000-00a9-0000-000a00000004/text[39m
[35m[HTTP][39m [90m{}[39m
[35m[W3C (9eb465fc)][39m Driver proxy active, passing request on via HTTP proxy
[35m[WD Proxy][39m Replacing sessionId 9a12b58c-2e3a-4fc1-9a5b-948234025e4b with 9eb465fc-d4f5-490a-b312-bfdc06f5dada
[35m[HTTP][39m [37m<-- GET /wd/hub/session/9eb465fc-d4f5-490a-b312-bfdc06f5dada/element/00000000-0000-00a9-0000-000a00000004/text [39m[32m200[39m [90m4 ms - 63[39m
[35m[HTTP][39m [90m[39m
[35m[HTTP][39m [37m-->[39m [37mPOST[39m [37m/wd/hub/session/9eb465fc-d4f5-490a-b312-bfdc06f5dada/elements[39m
[35m[HTTP][39m [90m{"using":"xpath","value":"//*[@class = 'android.view.View' and @resource-id = '' and (@text = '' or . = '')]"}[39m
[35m[HTTP][39m [37m<-- POST /wd/hub/session/9eb465fc-d4f5-490a-b312-bfdc06f5dada/elements [39m[32m200[39m [90m36 ms - 1419[39m
[35m[HTTP][39m [90m[39m
[35m[HTTP][39m [37m-->[39m [37mPOST[39m [37m/wd/hub/session/9eb465fc-d4f5-490a-b312-bfdc06f5dada/elements[39m
[35m[HTTP][39m [90m{"using":"accessibility id","value":"- Time To Dream -"}[39m
[35m[HTTP][39m [37m<-- POST /wd/hub/session/9eb465fc-d4f5-490a-b312-bfdc06f5dada/elements [39m[32m200[39m [90m6 ms - 139[39m
[35m[HTTP][39m [90m[39m
[35m[HTTP][39m [37m-->[39m [37mGET[39m [37m/wd/hub/session/9eb465fc-d4f5-490a-b312-bfdc06f5dada/window/rect[39m
[35m[HTTP][39m [90m{}[39m
[35m[HTTP][39m [37m<-- GET /wd/hub/session/9eb465fc-d4f5-490a-b312-bfdc06f5dada/window/rect [39m[32m200[39m [90m3 ms - 50[39m
[35m[HTTP][39m [90m[39m
[35m[HTTP][39m [37m-->[39m [37mPOST[39m [37m/wd/hub/session/9eb465fc-d4f5-490a-b312-bfdc06f5dada/elements[39m
[35m[HTTP][39m [90m{"using":"accessibility id","value":"- Time To Dream -"}[39m
[35m[HTTP][39m [37m<-- POST /wd/hub/session/9eb465fc-d4f5-490a-b312-bfdc06f5dada/elements [39m[32m200[39m [90m5 ms - 139[39m
[35m[HTTP][39m [90m[39m
[35m[HTTP][39m [37m-->[39m [37mGET[39m [37m/wd/hub/session/9eb465fc-d4f5-490a-b312-bfdc06f5dada/element/00000000-0000-00a9-0000-000c00000004/location[39m
[35m[HTTP][39m [90m{}[39m
[35m[W3C (9eb465fc)][39m Driver proxy active, passing request on via HTTP proxy
[35m[WD Proxy][39m Replacing sessionId 9a12b58c-2e3a-4fc1-9a5b-948234025e4b with 9eb465fc-d4f5-490a-b312-bfdc06f5dada
[35m[HTTP][39m [37m<-- GET /wd/hub/session/9eb465fc-d4f5-490a-b312-bfdc06f5dada/element/00000000-0000-00a9-0000-000c00000004/location [39m[32m200[39m [90m5 ms - 78[39m
[35m[HTTP][39m [90m[39m
[35m[HTTP][39m [37m-->[39m [37mGET[39m [37m/wd/hub/session/9eb465fc-d4f5-490a-b312-bfdc06f5dada/element/00000000-0000-00a9-0000-000c00000004/text[39m
[35m[HTTP][39m [90m{}[39m
[35m[W3C (9eb465fc)][39m Driver proxy active, passing request on via HTTP proxy
[35m[WD Proxy][39m Replacing sessionId 9a12b58c-2e3a-4fc1-9a5b-948234025e4b with 9eb465fc-d4f5-490a-b312-bfdc06f5dada
[35m[HTTP][39m [37m<-- GET /wd/hub/session/9eb465fc-d4f5-490a-b312-bfdc06f5dada/element/00000000-0000-00a9-0000-000c00000004/text [39m[32m200[39m [90m4 ms - 63[39m
[35m[HTTP][39m [90m[39m
[35m[HTTP][39m [37m-->[39m [37mPOST[39m [37m/wd/hub/session/9eb465fc-d4f5-490a-b312-bfdc06f5dada/elements[39m
[35m[HTTP][39m [90m{"using":"xpath","value":"//*[@class = 'android.widget.EditText' and (@text = 'asdasd, Email' or . = 'asdasd, Email') and @resource-id = '']"}[39m
[35m[HTTP][39m [37m<-- POST /wd/hub/session/9eb465fc-d4f5-490a-b312-bfdc06f5dada/elements [39m[32m200[39m [90m34 ms - 139[39m
[35m[HTTP][39m [90m[39m
[35m[HTTP][39m [37m-->[39m [37mGET[39m [37m/wd/hub/session/9eb465fc-d4f5-490a-b312-bfdc06f5dada/window/rect[39m
[35m[HTTP][39m [90m{}[39m
[35m[HTTP][39m [37m<-- GET /wd/hub/session/9eb465fc-d4f5-490a-b312-bfdc06f5dada/window/rect [39m[32m200[39m [90m3 ms - 50[39m
[35m[HTTP][39m [90m[39m
[35m[HTTP][39m [37m-->[39m [37mPOST[39m [37m/wd/hub/session/9eb465fc-d4f5-490a-b312-bfdc06f5dada/elements[39m
[35m[HTTP][39m [90m{"using":"xpath","value":"//*[@class = 'android.widget.EditText' and (@text = 'asdasd, Email' or . = 'asdasd, Email') and @resource-id = '']"}[39m
[35m[HTTP][39m [37m<-- POST /wd/hub/session/9eb465fc-d4f5-490a-b312-bfdc06f5dada/elements [39m[32m200[39m [90m15 ms - 139[39m
[35m[HTTP][39m [90m[39m
[35m[HTTP][39m [37m-->[39m [37mGET[39m [37m/wd/hub/session/9eb465fc-d4f5-490a-b312-bfdc06f5dada/element/00000000-0000-00a9-0000-000e00000004/location[39m
[35m[HTTP][39m [90m{}[39m
[35m[W3C (9eb465fc)][39m Driver proxy active, passing request on via HTTP proxy
[35m[WD Proxy][39m Replacing sessionId 9a12b58c-2e3a-4fc1-9a5b-948234025e4b with 9eb465fc-d4f5-490a-b312-bfdc06f5dada
[35m[HTTP][39m [37m<-- GET /wd/hub/session/9eb465fc-d4f5-490a-b312-bfdc06f5dada/element/00000000-0000-00a9-0000-000e00000004/location [39m[32m200[39m [90m5 ms - 77[39m
[35m[HTTP][39m [90m[39m
[35m[HTTP][39m [37m-->[39m [37mGET[39m [37m/wd/hub/session/9eb465fc-d4f5-490a-b312-bfdc06f5dada/element/00000000-0000-00a9-0000-000e00000004/text[39m
[35m[HTTP][39m [90m{}[39m
[35m[W3C (9eb465fc)][39m Driver proxy active, passing request on via HTTP proxy
[35m[WD Proxy][39m Replacing sessionId 9a12b58c-2e3a-4fc1-9a5b-948234025e4b with 9eb465fc-d4f5-490a-b312-bfdc06f5dada
[35m[HTTP][39m [37m<-- GET /wd/hub/session/9eb465fc-d4f5-490a-b312-bfdc06f5dada/element/00000000-0000-00a9-0000-000e00000004/text [39m[32m200[39m [90m3 ms - 76[39m
[35m[HTTP][39m [90m[39m
[35m[HTTP][39m [37m-->[39m [37mDELETE[39m [37m/wd/hub/session/9eb465fc-d4f5-490a-b312-bfdc06f5dada[39m
[35m[HTTP][39m [90m{}[39m
[35m[Appium][39m Removing session 9eb465fc-d4f5-490a-b312-bfdc06f5dada from our master session list
[35m[UiAutomator2][39m Restoring hidden api policy to the device default configuration
[35m[HTTP][39m [37m<-- DELETE /wd/hub/session/9eb465fc-d4f5-490a-b312-bfdc06f5dada [39m[32m200[39m [90m328 ms - 14[39m
[35m[HTTP][39m [90m[39m
